<?xml version="1.0" encoding="UTF-8"?>
<!-- Generated by org.testng.reporters.JUnitReportReporter -->
<testsuite hostname="MSI" failures="0" tests="1" name="testRunners.TestNGTestRunner" time="21.884" errors="0" timestamp="2023-01-24T13:00:30 IST" skipped="0">
  <testcase classname="testRunners.TestNGTestRunner" name="runScenario" time="21.884"/>
  <system-out/>
</testsuite> <!-- testRunners.TestNGTestRunner -->
