<?xml version="1.0" encoding="UTF-8"?>
<!-- Generated by org.testng.reporters.JUnitReportReporter -->
<testsuite hostname="MSI" failures="0" tests="1" name="testRunners.TestNGTestRunner" time="28.633" errors="0" timestamp="2023-01-23T19:29:10 IST" skipped="0">
  <testcase classname="testRunners.TestNGTestRunner" name="runScenario" time="28.633"/>
  <system-out/>
</testsuite> <!-- testRunners.TestNGTestRunner -->
