<?xml version="1.0" encoding="UTF-8"?>
<!-- Generated by org.testng.reporters.JUnitReportReporter -->
<testsuite hostname="MSI" failures="0" tests="1" name="testRunners.GreenKartTestRunner" time="40.830" errors="0" timestamp="2023-01-20T18:07:18 IST" skipped="0">
  <testcase classname="testRunners.GreenKartTestRunner" name="runScenario" time="40.830"/>
  <system-out/>
</testsuite> <!-- testRunners.GreenKartTestRunner -->
